# JRE version: OpenJDK Runtime Environment (8.0_242-b01) (build 1.8.0_242-release-1644-b01)
# Java VM: OpenJDK 64-Bit Server VM (25.242-b01 mixed mode windows-amd64 compressed oops)
Heap:
 PSYoungGen      total 623616K, used 163169K [0x00000000d5580000, 0x00000000ffc80000, 0x0000000100000000)
  eden space 552960K, 25% used [0x00000000d5580000,0x00000000ddf4c980,0x00000000f7180000)
  from space 70656K, 31% used [0x00000000f7180000,0x00000000f870bcc0,0x00000000fb680000)
  to   space 69632K, 0% used [0x00000000fb880000,0x00000000fb880000,0x00000000ffc80000)
 ParOldGen       total 246784K, used 138168K [0x0000000080000000, 0x000000008f100000, 0x00000000d5580000)
  object space 246784K, 55% used [0x0000000080000000,0x00000000886ee200,0x000000008f100000)
 Metaspace       used 124564K, capacity 134730K, committed 134832K, reserved 1167360K
  class space    used 15776K, capacity 17549K, committed 17584K, reserved 1048576K
GC Heap History (10 events):
Event: 6299.239 GC heap before
{Heap before GC invocations=47 (full 4):
 PSYoungGen      total 619008K, used 577142K [0x00000000d5580000, 0x00000000ffa80000, 0x0000000100000000)
  eden space 546304K, 100% used [0x00000000d5580000,0x00000000f6b00000,0x00000000f6b00000)
  from space 72704K, 42% used [0x00000000fb200000,0x00000000fd01d978,0x00000000ff900000)
  to   space 72704K, 0% used [0x00000000f6b00000,0x00000000f6b00000,0x00000000fb200000)
 ParOldGen       total 246784K, used 136865K [0x0000000080000000, 0x000000008f100000, 0x00000000d5580000)
  object space 246784K, 55% used [0x0000000080000000,0x00000000885a8680,0x000000008f100000)
 Metaspace       used 124450K, capacity 134654K, committed 134832K, reserved 1167360K
  class space    used 15774K, capacity 17547K, committed 17584K, reserved 1048576K
Event: 6299.267 GC heap after
Heap after GC invocations=47 (full 4):
 PSYoungGen      total 619008K, used 17895K [0x00000000d5580000, 0x0000000100000000, 0x0000000100000000)
  eden space 546304K, 0% used [0x00000000d5580000,0x00000000d5580000,0x00000000f6b00000)
  from space 72704K, 24% used [0x00000000f6b00000,0x00000000f7c79fd8,0x00000000fb200000)
  to   space 73728K, 0% used [0x00000000fb800000,0x00000000fb800000,0x0000000100000000)
 ParOldGen       total 246784K, used 137288K [0x0000000080000000, 0x000000008f100000, 0x00000000d5580000)
  object space 246784K, 55% used [0x0000000080000000,0x0000000088612200,0x000000008f100000)
 Metaspace       used 124450K, capacity 134654K, committed 134832K, reserved 1167360K
  class space    used 15774K, capacity 17547K, committed 17584K, reserved 1048576K
}
Event: 6300.911 GC heap before
{Heap before GC invocations=48 (full 4):
 PSYoungGen      total 619008K, used 564199K [0x00000000d5580000, 0x0000000100000000, 0x0000000100000000)
  eden space 546304K, 100% used [0x00000000d5580000,0x00000000f6b00000,0x00000000f6b00000)
  from space 72704K, 24% used [0x00000000f6b00000,0x00000000f7c79fd8,0x00000000fb200000)
  to   space 73728K, 0% used [0x00000000fb800000,0x00000000fb800000,0x0000000100000000)
 ParOldGen       total 246784K, used 137288K [0x0000000080000000, 0x000000008f100000, 0x00000000d5580000)
  object space 246784K, 55% used [0x0000000080000000,0x0000000088612200,0x000000008f100000)
 Metaspace       used 124469K, capacity 134654K, committed 134832K, reserved 1167360K
  class space    used 15774K, capacity 17547K, committed 17584K, reserved 1048576K
Event: 6300.937 GC heap after
Heap after GC invocations=48 (full 4):
 PSYoungGen      total 625152K, used 22379K [0x00000000d5580000, 0x0000000100000000, 0x0000000100000000)
  eden space 551424K, 0% used [0x00000000d5580000,0x00000000d5580000,0x00000000f7000000)
  from space 73728K, 30% used [0x00000000fb800000,0x00000000fcddaf48,0x0000000100000000)
  to   space 73728K, 0% used [0x00000000f7000000,0x00000000f7000000,0x00000000fb800000)
 ParOldGen       total 246784K, used 137520K [0x0000000080000000, 0x000000008f100000, 0x00000000d5580000)
  object space 246784K, 55% used [0x0000000080000000,0x000000008864c200,0x000000008f100000)
 Metaspace       used 124469K, capacity 134654K, committed 134832K, reserved 1167360K
  class space    used 15774K, capacity 17547K, committed 17584K, reserved 1048576K
}
Event: 6303.008 GC heap before
{Heap before GC invocations=49 (full 4):
 PSYoungGen      total 625152K, used 573803K [0x00000000d5580000, 0x0000000100000000, 0x0000000100000000)
  eden space 551424K, 100% used [0x00000000d5580000,0x00000000f7000000,0x00000000f7000000)
  from space 73728K, 30% used [0x00000000fb800000,0x00000000fcddaf48,0x0000000100000000)
  to   space 73728K, 0% used [0x00000000f7000000,0x00000000f7000000,0x00000000fb800000)
 ParOldGen       total 246784K, used 137520K [0x0000000080000000, 0x000000008f100000, 0x00000000d5580000)
  object space 246784K, 55% used [0x0000000080000000,0x000000008864c200,0x000000008f100000)
 Metaspace       used 124523K, capacity 134718K, committed 134832K, reserved 1167360K
  class space    used 15774K, capacity 17547K, committed 17584K, reserved 1048576K
Event: 6303.058 GC heap after
Heap after GC invocations=49 (full 4):
 PSYoungGen      total 579584K, used 27715K [0x00000000d5580000, 0x00000000ffd00000, 0x0000000100000000)
  eden space 551424K, 0% used [0x00000000d5580000,0x00000000d5580000,0x00000000f7000000)
  from space 28160K, 98% used [0x00000000f7000000,0x00000000f8b10f80,0x00000000f8b80000)
  to   space 72192K, 0% used [0x00000000fb680000,0x00000000fb680000,0x00000000ffd00000)
 ParOldGen       total 246784K, used 137848K [0x0000000080000000, 0x000000008f100000, 0x00000000d5580000)
  object space 246784K, 55% used [0x0000000080000000,0x000000008869e200,0x000000008f100000)
 Metaspace       used 124523K, capacity 134718K, committed 134832K, reserved 1167360K
  class space    used 15774K, capacity 17547K, committed 17584K, reserved 1048576K
}
Event: 6304.603 GC heap before
{Heap before GC invocations=50 (full 4):
 PSYoungGen      total 579584K, used 579139K [0x00000000d5580000, 0x00000000ffd00000, 0x0000000100000000)
  eden space 551424K, 100% used [0x00000000d5580000,0x00000000f7000000,0x00000000f7000000)
  from space 28160K, 98% used [0x00000000f7000000,0x00000000f8b10f80,0x00000000f8b80000)
  to   space 72192K, 0% used [0x00000000fb680000,0x00000000fb680000,0x00000000ffd00000)
 ParOldGen       total 246784K, used 137848K [0x0000000080000000, 0x000000008f100000, 0x00000000d5580000)
  object space 246784K, 55% used [0x0000000080000000,0x000000008869e200,0x000000008f100000)
 Metaspace       used 124547K, capacity 134724K, committed 134832K, reserved 1167360K
  class space    used 15775K, capacity 17548K, committed 17584K, reserved 1048576K
Event: 6304.628 GC heap after
Heap after GC invocations=50 (full 4):
 PSYoungGen      total 625152K, used 28626K [0x00000000d5580000, 0x0000000100000000, 0x0000000100000000)
  eden space 552960K, 0% used [0x00000000d5580000,0x00000000d5580000,0x00000000f7180000)
  from space 72192K, 39% used [0x00000000fb680000,0x00000000fd2749a8,0x00000000ffd00000)
  to   space 70656K, 0% used [0x00000000f7180000,0x00000000f7180000,0x00000000fb680000)
 ParOldGen       total 246784K, used 137944K [0x0000000080000000, 0x000000008f100000, 0x00000000d5580000)
  object space 246784K, 55% used [0x0000000080000000,0x00000000886b6200,0x000000008f100000)
 Metaspace       used 124547K, capacity 134724K, committed 134832K, reserved 1167360K
  class space    used 15775K, capacity 17548K, committed 17584K, reserved 1048576K
}
Event: 6309.432 GC heap before
{Heap before GC invocations=51 (full 4):
 PSYoungGen      total 625152K, used 581586K [0x00000000d5580000, 0x0000000100000000, 0x0000000100000000)
  eden space 552960K, 100% used [0x00000000d5580000,0x00000000f7180000,0x00000000f7180000)
  from space 72192K, 39% used [0x00000000fb680000,0x00000000fd2749a8,0x00000000ffd00000)
  to   space 70656K, 0% used [0x00000000f7180000,0x00000000f7180000,0x00000000fb680000)
 ParOldGen       total 246784K, used 137944K [0x0000000080000000, 0x000000008f100000, 0x00000000d5580000)
  object space 246784K, 55% used [0x0000000080000000,0x00000000886b6200,0x000000008f100000)
 Metaspace       used 124553K, capacity 134730K, committed 134832K, reserved 1167360K
  class space    used 15776K, capacity 17549K, committed 17584K, reserved 1048576K
Event: 6309.500 GC heap after
Heap after GC invocations=51 (full 4):
 PSYoungGen      total 623616K, used 22063K [0x00000000d5580000, 0x00000000ffc80000, 0x0000000100000000)
  eden space 552960K, 0% used [0x00000000d5580000,0x00000000d5580000,0x00000000f7180000)
  from space 70656K, 31% used [0x00000000f7180000,0x00000000f870bcc0,0x00000000fb680000)
  to   space 69632K, 0% used [0x00000000fb880000,0x00000000fb880000,0x00000000ffc80000)
 ParOldGen       total 246784K, used 138168K [0x0000000080000000, 0x000000008f100000, 0x00000000d5580000)
  object space 246784K, 55% used [0x0000000080000000,0x00000000886ee200,0x000000008f100000)
 Metaspace       used 124553K, capacity 134730K, committed 134832K, reserved 1167360K
  class space    used 15776K, capacity 17549K, committed 17584K, reserved 1048576K
}

